<?xml version="1.0" encoding="UTF-8"?>
<testng-results skipped="0" failed="0" ignored="0" total="1" passed="1">
  <reporter-output>
  </reporter-output>
  <suite name="Default suite" duration-ms="23771" started-at="2019-11-18T05:15:52Z" finished-at="2019-11-18T05:16:16Z">
    <groups>
    </groups>
    <test name="Default test" duration-ms="23771" started-at="2019-11-18T05:15:52Z" finished-at="2019-11-18T05:16:16Z">
      <class name="simple.Test123">
        <test-method status="PASS" signature="magentoLogin()[pri:0, instance:simple.Test123@482f8f11]" name="magentoLogin" duration-ms="23729" started-at="2019-11-18T10:45:52Z" finished-at="2019-11-18T10:46:16Z">
          <reporter-output>
          </reporter-output>
        </test-method> <!-- magentoLogin -->
      </class> <!-- simple.Test123 -->
    </test> <!-- Default test -->
  </suite> <!-- Default suite -->
</testng-results>
